07-07-2019 21:59:57.726 || THREAD: [main] || LEVEL:  [34mINFO [0;39m|| LOG MSG: Starting JagasaApplicationTests on DESKTOP-VSQJ6KC with PID 6488 (started by Javi in C:\dev\ws\default\jagasa)
07-07-2019 21:59:57.729 || THREAD: [main] || LEVEL:  [34mINFO [0;39m|| LOG MSG: No active profile set, falling back to default profiles: default
07-07-2019 21:59:58.428 || THREAD: [main] || LEVEL:  [34mINFO [0;39m|| LOG MSG: Bootstrapping Spring Data repositories in DEFAULT mode.
07-07-2019 21:59:58.497 || THREAD: [main] || LEVEL:  [34mINFO [0;39m|| LOG MSG: Finished Spring Data repository scanning in 59ms. Found 1 repository interfaces.
07-07-2019 21:59:58.922 || THREAD: [main] || LEVEL:  [34mINFO [0;39m|| LOG MSG: Bean 'org.springframework.transaction.annotation.ProxyTransactionManagementConfiguration' of type [org.springframework.transaction.annotation.ProxyTransactionManagementConfiguration$$EnhancerBySpringCGLIB$$1bf5a5a0] is not eligible for getting processed by all BeanPostProcessors (for example: not eligible for auto-proxying)
07-07-2019 21:59:59.141 || THREAD: [main] || LEVEL:  [34mINFO [0;39m|| LOG MSG: HikariPool-1 - Starting...
07-07-2019 21:59:59.381 || THREAD: [main] || LEVEL:  [34mINFO [0;39m|| LOG MSG: HikariPool-1 - Start completed.
07-07-2019 21:59:59.452 || THREAD: [main] || LEVEL:  [34mINFO [0;39m|| LOG MSG: HHH000204: Processing PersistenceUnitInfo [
	name: default
	...]
07-07-2019 21:59:59.530 || THREAD: [main] || LEVEL:  [34mINFO [0;39m|| LOG MSG: HHH000412: Hibernate Core {5.3.10.Final}
07-07-2019 21:59:59.532 || THREAD: [main] || LEVEL:  [34mINFO [0;39m|| LOG MSG: HHH000206: hibernate.properties not found
07-07-2019 21:59:59.679 || THREAD: [main] || LEVEL:  [34mINFO [0;39m|| LOG MSG: HCANN000001: Hibernate Commons Annotations {5.0.4.Final}
07-07-2019 21:59:59.941 || THREAD: [main] || LEVEL:  [34mINFO [0;39m|| LOG MSG: HHH000400: Using dialect: org.hibernate.dialect.H2Dialect
07-07-2019 22:00:00.589 || THREAD: [main] || LEVEL:  [34mINFO [0;39m|| LOG MSG: HHH000476: Executing import script 'org.hibernate.tool.schema.internal.exec.ScriptSourceInputNonExistentImpl@7a65a360'
07-07-2019 22:00:00.591 || THREAD: [main] || LEVEL:  [34mINFO [0;39m|| LOG MSG: Initialized JPA EntityManagerFactory for persistence unit 'default'
07-07-2019 22:00:01.501 || THREAD: [main] || LEVEL:  [34mINFO [0;39m|| LOG MSG: Initializing ExecutorService 'applicationTaskExecutor'
07-07-2019 22:00:01.576 || THREAD: [main] || LEVEL:  [31mWARN [0;39m|| LOG MSG: spring.jpa.open-in-view is enabled by default. Therefore, database queries may be performed during view rendering. Explicitly configure spring.jpa.open-in-view to disable this warning
07-07-2019 22:00:02.006 || THREAD: [main] || LEVEL:  [34mINFO [0;39m|| LOG MSG: Started JagasaApplicationTests in 4.555 seconds (JVM running for 5.27)
07-07-2019 22:00:02.117 || THREAD: [Thread-3] || LEVEL:  [34mINFO [0;39m|| LOG MSG: Shutting down ExecutorService 'applicationTaskExecutor'
07-07-2019 22:00:02.119 || THREAD: [Thread-3] || LEVEL:  [34mINFO [0;39m|| LOG MSG: Closing JPA EntityManagerFactory for persistence unit 'default'
07-07-2019 22:00:02.121 || THREAD: [Thread-3] || LEVEL:  [34mINFO [0;39m|| LOG MSG: HikariPool-1 - Shutdown initiated...
07-07-2019 22:00:02.124 || THREAD: [Thread-3] || LEVEL:  [34mINFO [0;39m|| LOG MSG: HikariPool-1 - Shutdown completed.
07-07-2019 22:00:09.002 || THREAD: [main] || LEVEL:  [34mINFO [0;39m|| LOG MSG: Starting Application on DESKTOP-VSQJ6KC with PID 11108 (C:\dev\ws\default\jagasa\target\classes started by Javi in C:\dev\ws\default\jagasa)
07-07-2019 22:00:09.006 || THREAD: [main] || LEVEL:  [34mINFO [0;39m|| LOG MSG: No active profile set, falling back to default profiles: default
07-07-2019 22:00:09.521 || THREAD: [main] || LEVEL:  [34mINFO [0;39m|| LOG MSG: Bootstrapping Spring Data repositories in DEFAULT mode.
07-07-2019 22:00:09.585 || THREAD: [main] || LEVEL:  [34mINFO [0;39m|| LOG MSG: Finished Spring Data repository scanning in 56ms. Found 1 repository interfaces.
07-07-2019 22:00:09.968 || THREAD: [main] || LEVEL:  [34mINFO [0;39m|| LOG MSG: Bean 'org.springframework.transaction.annotation.ProxyTransactionManagementConfiguration' of type [org.springframework.transaction.annotation.ProxyTransactionManagementConfiguration$$EnhancerBySpringCGLIB$$75e68961] is not eligible for getting processed by all BeanPostProcessors (for example: not eligible for auto-proxying)
07-07-2019 22:00:10.266 || THREAD: [main] || LEVEL:  [34mINFO [0;39m|| LOG MSG: Tomcat initialized with port(s): 8080 (http)
07-07-2019 22:00:10.298 || THREAD: [main] || LEVEL:  [34mINFO [0;39m|| LOG MSG: Starting service [Tomcat]
07-07-2019 22:00:10.298 || THREAD: [main] || LEVEL:  [34mINFO [0;39m|| LOG MSG: Starting Servlet engine: [Apache Tomcat/9.0.21]
07-07-2019 22:00:10.401 || THREAD: [main] || LEVEL:  [34mINFO [0;39m|| LOG MSG: Initializing Spring embedded WebApplicationContext
07-07-2019 22:00:10.401 || THREAD: [main] || LEVEL:  [34mINFO [0;39m|| LOG MSG: Root WebApplicationContext: initialization completed in 1361 ms
07-07-2019 22:00:10.594 || THREAD: [main] || LEVEL:  [34mINFO [0;39m|| LOG MSG: HikariPool-1 - Starting...
07-07-2019 22:00:10.754 || THREAD: [main] || LEVEL:  [34mINFO [0;39m|| LOG MSG: HikariPool-1 - Start completed.
07-07-2019 22:00:10.825 || THREAD: [main] || LEVEL:  [34mINFO [0;39m|| LOG MSG: HHH000204: Processing PersistenceUnitInfo [
	name: default
	...]
07-07-2019 22:00:10.910 || THREAD: [main] || LEVEL:  [34mINFO [0;39m|| LOG MSG: HHH000412: Hibernate Core {5.3.10.Final}
07-07-2019 22:00:10.912 || THREAD: [main] || LEVEL:  [34mINFO [0;39m|| LOG MSG: HHH000206: hibernate.properties not found
07-07-2019 22:00:11.328 || THREAD: [main] || LEVEL:  [34mINFO [0;39m|| LOG MSG: HCANN000001: Hibernate Commons Annotations {5.0.4.Final}
07-07-2019 22:00:11.472 || THREAD: [main] || LEVEL:  [34mINFO [0;39m|| LOG MSG: HHH000400: Using dialect: org.hibernate.dialect.H2Dialect
07-07-2019 22:00:12.066 || THREAD: [main] || LEVEL:  [34mINFO [0;39m|| LOG MSG: HHH000476: Executing import script 'org.hibernate.tool.schema.internal.exec.ScriptSourceInputNonExistentImpl@37febddd'
07-07-2019 22:00:12.068 || THREAD: [main] || LEVEL:  [34mINFO [0;39m|| LOG MSG: Initialized JPA EntityManagerFactory for persistence unit 'default'
07-07-2019 22:00:12.545 || THREAD: [main] || LEVEL:  [34mINFO [0;39m|| LOG MSG: Initializing ExecutorService 'applicationTaskExecutor'
07-07-2019 22:00:12.612 || THREAD: [main] || LEVEL:  [31mWARN [0;39m|| LOG MSG: spring.jpa.open-in-view is enabled by default. Therefore, database queries may be performed during view rendering. Explicitly configure spring.jpa.open-in-view to disable this warning
07-07-2019 22:00:12.885 || THREAD: [main] || LEVEL:  [34mINFO [0;39m|| LOG MSG: Tomcat started on port(s): 8080 (http) with context path ''
07-07-2019 22:00:12.888 || THREAD: [main] || LEVEL:  [34mINFO [0;39m|| LOG MSG: Started Application in 4.354 seconds (JVM running for 8.696)
07-07-2019 22:00:37.120 || THREAD: [http-nio-8080-exec-2] || LEVEL:  [34mINFO [0;39m|| LOG MSG: Initializing Spring DispatcherServlet 'dispatcherServlet'
07-07-2019 22:00:37.127 || THREAD: [http-nio-8080-exec-2] || LEVEL:  [34mINFO [0;39m|| LOG MSG: Initializing Servlet 'dispatcherServlet'
07-07-2019 22:00:37.137 || THREAD: [http-nio-8080-exec-2] || LEVEL:  [34mINFO [0;39m|| LOG MSG: Completed initialization in 10 ms
07-07-2019 22:00:37.249 || THREAD: [http-nio-8080-exec-2] || LEVEL:  [34mINFO [0;39m|| LOG MSG: Inicio :: PersonaController.createPersona(PersonaDTO): Persona [id=null, nombre=Javier, tlf=615152884]
07-07-2019 22:00:37.250 || THREAD: [http-nio-8080-exec-2] || LEVEL:  [34mINFO [0;39m|| LOG MSG: Inicio :: PersonaService.createPersona(PersonaDTO): Persona [id=null, nombre=Javier, tlf=615152884]
07-07-2019 22:00:37.254 || THREAD: [http-nio-8080-exec-2] || LEVEL:  [34mINFO [0;39m|| LOG MSG: Request :: PersonaService.createPersona(PersonaDTO): Persona [id=null, nombre=Javier, tlf=615152884]
07-07-2019 22:00:37.312 || THREAD: [http-nio-8080-exec-2] || LEVEL:  [34mINFO [0;39m|| LOG MSG: Response :: PersonaService.createPersona(PersonaDTO): Persona [id=1, nombre=Javier, tlf=615152884]
07-07-2019 22:00:37.313 || THREAD: [http-nio-8080-exec-2] || LEVEL:  [34mINFO [0;39m|| LOG MSG: Fin :: PersonaService.createPersona(PersonaDTO): Persona [id=1, nombre=Javier, tlf=615152884]
07-07-2019 22:00:37.313 || THREAD: [http-nio-8080-exec-2] || LEVEL:  [34mINFO [0;39m|| LOG MSG: Fin :: PersonaController.createPersona(PersonaDTO): Persona [id=1, nombre=Javier, tlf=615152884]
07-07-2019 22:00:52.826 || THREAD: [http-nio-8080-exec-3] || LEVEL:  [34mINFO [0;39m|| LOG MSG: Inicio :: PersonaController.createPersona(PersonaDTO): Persona [id=null, nombre=David, tlf=617052929]
07-07-2019 22:00:52.831 || THREAD: [http-nio-8080-exec-3] || LEVEL:  [34mINFO [0;39m|| LOG MSG: Inicio :: PersonaService.createPersona(PersonaDTO): Persona [id=null, nombre=David, tlf=617052929]
07-07-2019 22:00:52.836 || THREAD: [http-nio-8080-exec-3] || LEVEL:  [34mINFO [0;39m|| LOG MSG: Request :: PersonaService.createPersona(PersonaDTO): Persona [id=null, nombre=David, tlf=617052929]
07-07-2019 22:00:52.838 || THREAD: [http-nio-8080-exec-3] || LEVEL:  [34mINFO [0;39m|| LOG MSG: Response :: PersonaService.createPersona(PersonaDTO): Persona [id=2, nombre=David, tlf=617052929]
07-07-2019 22:00:52.845 || THREAD: [http-nio-8080-exec-3] || LEVEL:  [34mINFO [0;39m|| LOG MSG: Fin :: PersonaService.createPersona(PersonaDTO): Persona [id=2, nombre=David, tlf=617052929]
07-07-2019 22:00:52.845 || THREAD: [http-nio-8080-exec-3] || LEVEL:  [34mINFO [0;39m|| LOG MSG: Fin :: PersonaController.createPersona(PersonaDTO): Persona [id=2, nombre=David, tlf=617052929]
07-07-2019 22:00:59.525 || THREAD: [http-nio-8080-exec-4] || LEVEL:  [34mINFO [0;39m|| LOG MSG: Inicio :: PersonaController.createPersona(PersonaDTO): Persona [id=null, nombre=Almu, tlf=687242325]
07-07-2019 22:00:59.532 || THREAD: [http-nio-8080-exec-4] || LEVEL:  [34mINFO [0;39m|| LOG MSG: Inicio :: PersonaService.createPersona(PersonaDTO): Persona [id=null, nombre=Almu, tlf=687242325]
07-07-2019 22:00:59.536 || THREAD: [http-nio-8080-exec-4] || LEVEL:  [34mINFO [0;39m|| LOG MSG: Request :: PersonaService.createPersona(PersonaDTO): Persona [id=null, nombre=Almu, tlf=687242325]
07-07-2019 22:00:59.538 || THREAD: [http-nio-8080-exec-4] || LEVEL:  [34mINFO [0;39m|| LOG MSG: Response :: PersonaService.createPersona(PersonaDTO): Persona [id=3, nombre=Almu, tlf=687242325]
07-07-2019 22:00:59.538 || THREAD: [http-nio-8080-exec-4] || LEVEL:  [34mINFO [0;39m|| LOG MSG: Fin :: PersonaService.createPersona(PersonaDTO): Persona [id=3, nombre=Almu, tlf=687242325]
07-07-2019 22:00:59.538 || THREAD: [http-nio-8080-exec-4] || LEVEL:  [34mINFO [0;39m|| LOG MSG: Fin :: PersonaController.createPersona(PersonaDTO): Persona [id=3, nombre=Almu, tlf=687242325]
07-07-2019 22:01:18.894 || THREAD: [http-nio-8080-exec-6] || LEVEL:  [34mINFO [0;39m|| LOG MSG: HHH000397: Using ASTQueryTranslatorFactory
07-07-2019 22:01:19.022 || THREAD: [http-nio-8080-exec-6] || LEVEL:  [34mINFO [0;39m|| LOG MSG: Persona de la lista: Persona [id=1, nombre=Javier, tlf=615152884]
07-07-2019 22:01:19.030 || THREAD: [http-nio-8080-exec-6] || LEVEL:  [34mINFO [0;39m|| LOG MSG: Persona de la lista: Persona [id=2, nombre=David, tlf=617052929]
07-07-2019 22:01:19.030 || THREAD: [http-nio-8080-exec-6] || LEVEL:  [34mINFO [0;39m|| LOG MSG: Persona de la lista: Persona [id=3, nombre=Almu, tlf=687242325]
